<?xml version="1.0" encoding="UTF-8"?>
<!-- Generated by org.testng.reporters.JUnitReportReporter -->
<testsuite skipped="0" hostname="RyjuPC" name="qa.testcases.LoginPageTest" tests="2" failures="0" timestamp="2020-07-06T00:40:21 IST" time="62.129" errors="0">
  <testcase name="loginPageHeaderTest" time="16.328" classname="qa.testcases.LoginPageTest"/>
  <system-out/>
  <testcase name="loginTest" time="45.801" classname="qa.testcases.LoginPageTest"/>
  <system-out/>
</testsuite> <!-- qa.testcases.LoginPageTest -->
